<?xml version="1.0" encoding="UTF-8"?>
<testsuite name="com.automationanywhere.botcommand.demo.GenerateGUIDTest" tests="1" skipped="0" failures="0" errors="0" timestamp="2019-11-04T22:16:44" hostname="EC2AMAZ-4PFQG1I" time="0.006">
  <properties/>
  <testcase name="guidTests" classname="com.automationanywhere.botcommand.demo.GenerateGUIDTest" time="0.006"/>
  <system-out><![CDATA[]]></system-out>
  <system-err><![CDATA[]]></system-err>
</testsuite>
